No such file or directory - Graphics/Characters/TitleHero

001_UI_SplashesAndTitleScreen.rb:8:in `initialize'
001_UI_SplashesAndTitleScreen.rb:8:in `new'
001_UI_SplashesAndTitleScreen.rb:8:in `initialize'
001_UI_SplashesAndTitleScreen.rb:126:in `new'
001_UI_SplashesAndTitleScreen.rb:126:in `open_title_screen'
001_UI_SplashesAndTitleScreen.rb:103:in `close_splash'
001_UI_SplashesAndTitleScreen.rb:110:in `splash_update'
005_Event_Handlers.rb:47:in `call'
005_Event_Handlers.rb:47:in `block in trigger'
005_Event_Handlers.rb:42:in `each'
005_Event_Handlers.rb:42:in `trigger'
002_EventScene.rb:166:in `update'
002_EventScene.rb:176:in `block in main'
002_EventScene.rb:175:in `loop'
002_EventScene.rb:175:in `main'
001_UI_SplashesAndTitleScreen.rb:195:in `main'
999_Main.rb:42:in `mainFunctionDebug'
999_Main.rb:20:in `mainFunction'
999_Main.rb:52:in `block (2 levels) in load_scripts_from_folder'
999_Main.rb:51:in `loop'
999_Main.rb:51:in `block in load_scripts_from_folder'
Section003:31:in `eval'
Section003:31:in `block in load_scripts_from_folder'
Section003:28:in `each'
Section003:28:in `load_scripts_from_folder'
Section003:41:in `block in load_scripts_from_folder'
Section003:40:in `each'
Section003:40:in `load_scripts_from_folder'
Section003:45:in `<main>'
-e:in `eval'